# JRE version: OpenJDK Runtime Environment (17.0.6) (build 17.0.6+0-b2043.56-10027231)
# Java VM: OpenJDK 64-Bit Server VM (17.0.6+0-b2043.56-10027231, mixed mode, tiered, compressed oops, compressed class ptrs, g1 gc, windows-amd64)
GC Precious Log:
 CPUs: 12 total, 12 available
 Memory: 8059M
 Large Page Support: Disabled
 NUMA Support: Disabled
 Compressed Oops: Enabled (32-bit)
 Heap Region Size: 1M
 Heap Min Capacity: 8M
 Heap Initial Capacity: 126M
 Heap Max Capacity: 2G
 Pre-touch: Disabled
 Parallel Workers: 10
 Concurrent Workers: 3
 Concurrent Refinement Workers: 10
 Periodic GC: Disabled
Heap:
 garbage-first heap   total 190464K, used 117723K [0x0000000080000000, 0x0000000100000000)
  region size 1024K, 27 young (27648K), 5 survivors (5120K)
 Metaspace       used 115877K, committed 116608K, reserved 1155072K
  class space    used 15625K, committed 16000K, reserved 1048576K
GC Heap History (20 events):
Event: 16.743 GC heap before
{Heap before GC invocations=30 (full 0):
 garbage-first heap   total 133120K, used 107319K [0x0000000080000000, 0x0000000100000000)
  region size 1024K, 46 young (47104K), 6 survivors (6144K)
 Metaspace       used 94862K, committed 95488K, reserved 1138688K
  class space    used 12866K, committed 13184K, reserved 1048576K
}
Event: 16.752 GC heap after
{Heap after GC invocations=31 (full 0):
 garbage-first heap   total 133120K, used 70733K [0x0000000080000000, 0x0000000100000000)
  region size 1024K, 6 young (6144K), 6 survivors (6144K)
 Metaspace       used 94862K, committed 95488K, reserved 1138688K
  class space    used 12866K, committed 13184K, reserved 1048576K
}
Event: 17.141 GC heap before
{Heap before GC invocations=32 (full 0):
 garbage-first heap   total 133120K, used 106573K [0x0000000080000000, 0x0000000100000000)
  region size 1024K, 42 young (43008K), 6 survivors (6144K)
 Metaspace       used 95824K, committed 96448K, reserved 1138688K
  class space    used 12953K, committed 13248K, reserved 1048576K
}
Event: 17.153 GC heap after
{Heap after GC invocations=33 (full 0):
 garbage-first heap   total 133120K, used 78085K [0x0000000080000000, 0x0000000100000000)
  region size 1024K, 6 young (6144K), 6 survivors (6144K)
 Metaspace       used 95824K, committed 96448K, reserved 1138688K
  class space    used 12953K, committed 13248K, reserved 1048576K
}
Event: 17.164 GC heap before
{Heap before GC invocations=33 (full 0):
 garbage-first heap   total 133120K, used 80133K [0x0000000080000000, 0x0000000100000000)
  region size 1024K, 7 young (7168K), 6 survivors (6144K)
 Metaspace       used 95910K, committed 96640K, reserved 1138688K
  class space    used 12953K, committed 13248K, reserved 1048576K
}
Event: 17.170 GC heap after
{Heap after GC invocations=34 (full 0):
 garbage-first heap   total 133120K, used 79924K [0x0000000080000000, 0x0000000100000000)
  region size 1024K, 1 young (1024K), 1 survivors (1024K)
 Metaspace       used 95910K, committed 96640K, reserved 1138688K
  class space    used 12953K, committed 13248K, reserved 1048576K
}
Event: 17.787 GC heap before
{Heap before GC invocations=34 (full 0):
 garbage-first heap   total 133120K, used 107572K [0x0000000080000000, 0x0000000100000000)
  region size 1024K, 28 young (28672K), 1 survivors (1024K)
 Metaspace       used 98599K, committed 99264K, reserved 1138688K
  class space    used 13414K, committed 13696K, reserved 1048576K
}
Event: 17.792 GC heap after
{Heap after GC invocations=35 (full 0):
 garbage-first heap   total 133120K, used 81102K [0x0000000080000000, 0x0000000100000000)
  region size 1024K, 3 young (3072K), 3 survivors (3072K)
 Metaspace       used 98599K, committed 99264K, reserved 1138688K
  class space    used 13414K, committed 13696K, reserved 1048576K
}
Event: 18.048 GC heap before
{Heap before GC invocations=36 (full 0):
 garbage-first heap   total 158720K, used 107726K [0x0000000080000000, 0x0000000100000000)
  region size 1024K, 30 young (30720K), 3 survivors (3072K)
 Metaspace       used 98727K, committed 99328K, reserved 1138688K
  class space    used 13416K, committed 13696K, reserved 1048576K
}
Event: 18.053 GC heap after
{Heap after GC invocations=37 (full 0):
 garbage-first heap   total 158720K, used 82741K [0x0000000080000000, 0x0000000100000000)
  region size 1024K, 2 young (2048K), 2 survivors (2048K)
 Metaspace       used 98727K, committed 99328K, reserved 1138688K
  class space    used 13416K, committed 13696K, reserved 1048576K
}
Event: 18.145 GC heap before
{Heap before GC invocations=37 (full 0):
 garbage-first heap   total 158720K, used 86837K [0x0000000080000000, 0x0000000100000000)
  region size 1024K, 7 young (7168K), 2 survivors (2048K)
 Metaspace       used 98770K, committed 99392K, reserved 1138688K
  class space    used 13416K, committed 13696K, reserved 1048576K
}
Event: 18.150 GC heap after
{Heap after GC invocations=38 (full 0):
 garbage-first heap   total 190464K, used 82883K [0x0000000080000000, 0x0000000100000000)
  region size 1024K, 1 young (1024K), 1 survivors (1024K)
 Metaspace       used 98770K, committed 99392K, reserved 1138688K
  class space    used 13416K, committed 13696K, reserved 1048576K
}
Event: 18.902 GC heap before
{Heap before GC invocations=38 (full 0):
 garbage-first heap   total 190464K, used 149443K [0x0000000080000000, 0x0000000100000000)
  region size 1024K, 67 young (68608K), 1 survivors (1024K)
 Metaspace       used 99599K, committed 100352K, reserved 1138688K
  class space    used 13495K, committed 13824K, reserved 1048576K
}
Event: 18.908 GC heap after
{Heap after GC invocations=39 (full 0):
 garbage-first heap   total 190464K, used 87679K [0x0000000080000000, 0x0000000100000000)
  region size 1024K, 6 young (6144K), 6 survivors (6144K)
 Metaspace       used 99599K, committed 100352K, reserved 1138688K
  class space    used 13495K, committed 13824K, reserved 1048576K
}
Event: 20.636 GC heap before
{Heap before GC invocations=39 (full 0):
 garbage-first heap   total 190464K, used 149119K [0x0000000080000000, 0x0000000100000000)
  region size 1024K, 67 young (68608K), 6 survivors (6144K)
 Metaspace       used 107142K, committed 107840K, reserved 1146880K
  class space    used 14487K, committed 14848K, reserved 1048576K
}
Event: 20.647 GC heap after
{Heap after GC invocations=40 (full 0):
 garbage-first heap   total 190464K, used 94627K [0x0000000080000000, 0x0000000100000000)
  region size 1024K, 7 young (7168K), 7 survivors (7168K)
 Metaspace       used 107142K, committed 107840K, reserved 1146880K
  class space    used 14487K, committed 14848K, reserved 1048576K
}
Event: 22.862 GC heap before
{Heap before GC invocations=40 (full 0):
 garbage-first heap   total 190464K, used 154019K [0x0000000080000000, 0x0000000100000000)
  region size 1024K, 64 young (65536K), 7 survivors (7168K)
 Metaspace       used 110288K, committed 110976K, reserved 1146880K
  class space    used 14837K, committed 15168K, reserved 1048576K
}
Event: 22.869 GC heap after
{Heap after GC invocations=41 (full 0):
 garbage-first heap   total 190464K, used 97943K [0x0000000080000000, 0x0000000100000000)
  region size 1024K, 4 young (4096K), 4 survivors (4096K)
 Metaspace       used 110288K, committed 110976K, reserved 1146880K
  class space    used 14837K, committed 15168K, reserved 1048576K
}
Event: 24.632 GC heap before
{Heap before GC invocations=41 (full 0):
 garbage-first heap   total 190464K, used 153239K [0x0000000080000000, 0x0000000100000000)
  region size 1024K, 59 young (60416K), 4 survivors (4096K)
 Metaspace       used 111486K, committed 112192K, reserved 1146880K
  class space    used 15011K, committed 15360K, reserved 1048576K
}
Event: 24.638 GC heap after
{Heap after GC invocations=42 (full 0):
 garbage-first heap   total 190464K, used 97243K [0x0000000080000000, 0x0000000100000000)
  region size 1024K, 5 young (5120K), 5 survivors (5120K)
 Metaspace       used 111486K, committed 112192K, reserved 1146880K
  class space    used 15011K, committed 15360K, reserved 1048576K
}

